<?xml version="1.0" encoding="UTF-8" standalone="no"?>
<!DOCTYPE log SYSTEM "logger.dtd">
<log>
<record>
  <date>2018-09-17T16:14:59.719-0300</date>
  <logger>RAFAEL DANTAS SANTOS DE AZEVEDO</logger>
  <level>FINE</level>
  <message>File 117210382-RAFAEL DANTAS SANTOS DE AZEVEDO.zip was received. It was sent by RAFAEL DANTAS SANTOS DE AZEVEDO from IP 150.165.42.206</message>
</record>
</log>
<?xml version="1.0" encoding="UTF-8" standalone="no"?>
<!DOCTYPE log SYSTEM "logger.dtd">
<log>
<record>
  <date>2018-09-17T17:12:01.598-0300</date>
  <logger>RAFAEL DANTAS SANTOS DE AZEVEDO</logger>
  <level>FINE</level>
  <message>File 117210382-RAFAEL DANTAS SANTOS DE AZEVEDO.zip was received. It was sent by RAFAEL DANTAS SANTOS DE AZEVEDO from IP 150.165.42.206</message>
</record>
</log>
<?xml version="1.0" encoding="UTF-8" standalone="no"?>
<!DOCTYPE log SYSTEM "logger.dtd">
<log>
<record>
  <date>2018-09-17T17:12:35.222-0300</date>
  <logger>RAFAEL DANTAS SANTOS DE AZEVEDO</logger>
  <level>FINE</level>
  <message>File 117210382-RAFAEL DANTAS SANTOS DE AZEVEDO.zip was received. It was sent by RAFAEL DANTAS SANTOS DE AZEVEDO from IP 150.165.42.206</message>
</record>
</log>
<?xml version="1.0" encoding="UTF-8" standalone="no"?>
<!DOCTYPE log SYSTEM "logger.dtd">
<log>
<record>
  <date>2018-09-17T17:16:07.684-0300</date>
  <logger>RAFAEL DANTAS SANTOS DE AZEVEDO</logger>
  <level>FINE</level>
  <message>File 117210382-RAFAEL DANTAS SANTOS DE AZEVEDO.zip was received. It was sent by RAFAEL DANTAS SANTOS DE AZEVEDO from IP 150.165.42.206</message>
</record>
</log>
<?xml version="1.0" encoding="UTF-8" standalone="no"?>
<!DOCTYPE log SYSTEM "logger.dtd">
<log>
<record>
  <date>2018-09-17T17:20:28.906-0300</date>
  <logger>RAFAEL DANTAS SANTOS DE AZEVEDO</logger>
  <level>FINE</level>
  <message>File 117210382-RAFAEL DANTAS SANTOS DE AZEVEDO.zip was received. It was sent by RAFAEL DANTAS SANTOS DE AZEVEDO from IP 150.165.42.206</message>
</record>
</log>
<?xml version="1.0" encoding="UTF-8" standalone="no"?>
<!DOCTYPE log SYSTEM "logger.dtd">
<log>
<record>
  <date>2018-09-17T17:21:27.979-0300</date>
  <logger>RAFAEL DANTAS SANTOS DE AZEVEDO</logger>
  <level>FINE</level>
  <message>File 117210382-RAFAEL DANTAS SANTOS DE AZEVEDO.zip was received. It was sent by RAFAEL DANTAS SANTOS DE AZEVEDO from IP 150.165.42.206</message>
</record>
</log>
<?xml version="1.0" encoding="UTF-8" standalone="no"?>
<!DOCTYPE log SYSTEM "logger.dtd">
<log>
<record>
  <date>2018-09-17T17:22:16.652-0300</date>
  <logger>RAFAEL DANTAS SANTOS DE AZEVEDO</logger>
  <level>FINE</level>
  <message>File 117210382-RAFAEL DANTAS SANTOS DE AZEVEDO.zip was received. It was sent by RAFAEL DANTAS SANTOS DE AZEVEDO from IP 150.165.42.206</message>
</record>
</log>
<?xml version="1.0" encoding="UTF-8" standalone="no"?>
<!DOCTYPE log SYSTEM "logger.dtd">
<log>
<record>
  <date>2018-09-17T17:23:29.265-0300</date>
  <logger>RAFAEL DANTAS SANTOS DE AZEVEDO</logger>
  <level>FINE</level>
  <message>File 117210382-RAFAEL DANTAS SANTOS DE AZEVEDO.zip was received. It was sent by RAFAEL DANTAS SANTOS DE AZEVEDO from IP 150.165.42.206</message>
</record>
</log>
<?xml version="1.0" encoding="UTF-8" standalone="no"?>
<!DOCTYPE log SYSTEM "logger.dtd">
<log>
<record>
  <date>2018-09-17T17:24:18.267-0300</date>
  <logger>RAFAEL DANTAS SANTOS DE AZEVEDO</logger>
  <level>FINE</level>
  <message>File 117210382-RAFAEL DANTAS SANTOS DE AZEVEDO.zip was received. It was sent by RAFAEL DANTAS SANTOS DE AZEVEDO from IP 150.165.42.206</message>
</record>
</log>
<?xml version="1.0" encoding="UTF-8" standalone="no"?>
<!DOCTYPE log SYSTEM "logger.dtd">
<log>
<record>
  <date>2018-09-17T17:25:17.983-0300</date>
  <logger>RAFAEL DANTAS SANTOS DE AZEVEDO</logger>
  <level>FINE</level>
  <message>File 117210382-RAFAEL DANTAS SANTOS DE AZEVEDO.zip was received. It was sent by RAFAEL DANTAS SANTOS DE AZEVEDO from IP 150.165.42.206</message>
</record>
</log>
<?xml version="1.0" encoding="UTF-8" standalone="no"?>
<!DOCTYPE log SYSTEM "logger.dtd">
<log>
<record>
  <date>2018-09-17T17:26:07.769-0300</date>
  <logger>RAFAEL DANTAS SANTOS DE AZEVEDO</logger>
  <level>FINE</level>
  <message>File 117210382-RAFAEL DANTAS SANTOS DE AZEVEDO.zip was received. It was sent by RAFAEL DANTAS SANTOS DE AZEVEDO from IP 150.165.42.206</message>
</record>
</log>
<?xml version="1.0" encoding="UTF-8" standalone="no"?>
<!DOCTYPE log SYSTEM "logger.dtd">
<log>
<record>
  <date>2018-09-17T17:27:02.227-0300</date>
  <logger>RAFAEL DANTAS SANTOS DE AZEVEDO</logger>
  <level>FINE</level>
  <message>File 117210382-RAFAEL DANTAS SANTOS DE AZEVEDO.zip was received. It was sent by RAFAEL DANTAS SANTOS DE AZEVEDO from IP 150.165.42.206</message>
</record>
</log>
<?xml version="1.0" encoding="UTF-8" standalone="no"?>
<!DOCTYPE log SYSTEM "logger.dtd">
<log>
<record>
  <date>2018-09-17T17:27:48.744-0300</date>
  <logger>RAFAEL DANTAS SANTOS DE AZEVEDO</logger>
  <level>FINE</level>
  <message>File 117210382-RAFAEL DANTAS SANTOS DE AZEVEDO.zip was received. It was sent by RAFAEL DANTAS SANTOS DE AZEVEDO from IP 150.165.42.206</message>
</record>
</log>
<?xml version="1.0" encoding="UTF-8" standalone="no"?>
<!DOCTYPE log SYSTEM "logger.dtd">
<log>
<record>
  <date>2018-09-17T17:29:40.809-0300</date>
  <logger>RAFAEL DANTAS SANTOS DE AZEVEDO</logger>
  <level>FINE</level>
  <message>File 117210382-RAFAEL DANTAS SANTOS DE AZEVEDO.zip was received. It was sent by RAFAEL DANTAS SANTOS DE AZEVEDO from IP 150.165.42.206</message>
</record>
